mode: atomic
github.com/rancher/sbombastic/api/storage/register.go:16.41,18.2 1 0
github.com/rancher/sbombastic/api/storage/register.go:21.53,23.2 1 0
github.com/rancher/sbombastic/api/storage/register.go:33.50,45.2 2 0
github.com/rancher/sbombastic/api/storage/v1alpha1/image_types.go:75.50,77.2 1 0
github.com/rancher/sbombastic/api/storage/v1alpha1/register.go:34.41,36.2 1 0
github.com/rancher/sbombastic/api/storage/v1alpha1/register.go:39.53,41.2 1 0
github.com/rancher/sbombastic/api/storage/v1alpha1/register.go:51.50,71.16 3 0
github.com/rancher/sbombastic/api/storage/v1alpha1/register.go:71.16,73.3 1 0
github.com/rancher/sbombastic/api/storage/v1alpha1/register.go:75.2,76.16 2 0
github.com/rancher/sbombastic/api/storage/v1alpha1/register.go:76.16,78.3 1 0
github.com/rancher/sbombastic/api/storage/v1alpha1/register.go:80.2,84.16 2 0
github.com/rancher/sbombastic/api/storage/v1alpha1/register.go:84.16,86.3 1 0
github.com/rancher/sbombastic/api/storage/v1alpha1/register.go:87.2,87.12 1 0
github.com/rancher/sbombastic/api/storage/v1alpha1/register.go:90.88,91.15 1 0
github.com/rancher/sbombastic/api/storage/v1alpha1/register.go:92.23,93.27 1 0
github.com/rancher/sbombastic/api/storage/v1alpha1/register.go:94.28,95.27 1 0
github.com/rancher/sbombastic/api/storage/v1alpha1/register.go:96.37,97.27 1 0
github.com/rancher/sbombastic/api/storage/v1alpha1/register.go:98.40,99.27 1 0
github.com/rancher/sbombastic/api/storage/v1alpha1/register.go:100.39,101.27 1 0
github.com/rancher/sbombastic/api/storage/v1alpha1/register.go:102.32,103.27 1 0
github.com/rancher/sbombastic/api/storage/v1alpha1/register.go:104.37,105.27 1 0
github.com/rancher/sbombastic/api/storage/v1alpha1/register.go:106.35,107.27 1 0
github.com/rancher/sbombastic/api/storage/v1alpha1/register.go:108.10,115.4 1 0
github.com/rancher/sbombastic/api/storage/v1alpha1/sbom_types.go:64.49,66.2 1 0
github.com/rancher/sbombastic/api/storage/v1alpha1/vulnerabilityreport_types.go:64.64,66.2 1 0
github.com/rancher/sbombastic/api/storage/v1alpha1/zz_generated.deepcopy.go:28.43,35.2 6 0
github.com/rancher/sbombastic/api/storage/v1alpha1/zz_generated.deepcopy.go:38.36,39.15 1 0
github.com/rancher/sbombastic/api/storage/v1alpha1/zz_generated.deepcopy.go:39.15,41.3 1 0
github.com/rancher/sbombastic/api/storage/v1alpha1/zz_generated.deepcopy.go:42.2,44.12 3 0
github.com/rancher/sbombastic/api/storage/v1alpha1/zz_generated.deepcopy.go:48.50,49.34 1 0
github.com/rancher/sbombastic/api/storage/v1alpha1/zz_generated.deepcopy.go:49.34,51.3 1 0
github.com/rancher/sbombastic/api/storage/v1alpha1/zz_generated.deepcopy.go:52.2,52.12 1 0
github.com/rancher/sbombastic/api/storage/v1alpha1/zz_generated.deepcopy.go:56.53,59.2 2 0
github.com/rancher/sbombastic/api/storage/v1alpha1/zz_generated.deepcopy.go:62.46,63.15 1 0
github.com/rancher/sbombastic/api/storage/v1alpha1/zz_generated.deepcopy.go:63.15,65.3 1 0
github.com/rancher/sbombastic/api/storage/v1alpha1/zz_generated.deepcopy.go:66.2,68.12 3 0
github.com/rancher/sbombastic/api/storage/v1alpha1/zz_generated.deepcopy.go:72.51,76.21 4 0
github.com/rancher/sbombastic/api/storage/v1alpha1/zz_generated.deepcopy.go:76.21,79.22 3 0
github.com/rancher/sbombastic/api/storage/v1alpha1/zz_generated.deepcopy.go:79.22,81.4 1 0
github.com/rancher/sbombastic/api/storage/v1alpha1/zz_generated.deepcopy.go:83.2,83.8 1 0
github.com/rancher/sbombastic/api/storage/v1alpha1/zz_generated.deepcopy.go:87.44,88.15 1 0
github.com/rancher/sbombastic/api/storage/v1alpha1/zz_generated.deepcopy.go:88.15,90.3 1 0
github.com/rancher/sbombastic/api/storage/v1alpha1/zz_generated.deepcopy.go:91.2,93.12 3 0
github.com/rancher/sbombastic/api/storage/v1alpha1/zz_generated.deepcopy.go:97.54,98.34 1 0
github.com/rancher/sbombastic/api/storage/v1alpha1/zz_generated.deepcopy.go:98.34,100.3 1 0
github.com/rancher/sbombastic/api/storage/v1alpha1/zz_generated.deepcopy.go:101.2,101.12 1 0
github.com/rancher/sbombastic/api/storage/v1alpha1/zz_generated.deepcopy.go:105.59,108.2 2 0
github.com/rancher/sbombastic/api/storage/v1alpha1/zz_generated.deepcopy.go:111.52,112.15 1 0
github.com/rancher/sbombastic/api/storage/v1alpha1/zz_generated.deepcopy.go:112.15,114.3 1 0
github.com/rancher/sbombastic/api/storage/v1alpha1/zz_generated.deepcopy.go:115.2,117.12 3 0
github.com/rancher/sbombastic/api/storage/v1alpha1/zz_generated.deepcopy.go:121.51,124.22 3 0
github.com/rancher/sbombastic/api/storage/v1alpha1/zz_generated.deepcopy.go:124.22,128.3 3 0
github.com/rancher/sbombastic/api/storage/v1alpha1/zz_generated.deepcopy.go:129.2,129.8 1 0
github.com/rancher/sbombastic/api/storage/v1alpha1/zz_generated.deepcopy.go:133.44,134.15 1 0
github.com/rancher/sbombastic/api/storage/v1alpha1/zz_generated.deepcopy.go:134.15,136.3 1 0
github.com/rancher/sbombastic/api/storage/v1alpha1/zz_generated.deepcopy.go:137.2,139.12 3 0
github.com/rancher/sbombastic/api/storage/v1alpha1/zz_generated.deepcopy.go:143.55,146.2 2 0
github.com/rancher/sbombastic/api/storage/v1alpha1/zz_generated.deepcopy.go:149.48,150.15 1 0
github.com/rancher/sbombastic/api/storage/v1alpha1/zz_generated.deepcopy.go:150.15,152.3 1 0
github.com/rancher/sbombastic/api/storage/v1alpha1/zz_generated.deepcopy.go:153.2,155.12 3 0
github.com/rancher/sbombastic/api/storage/v1alpha1/zz_generated.deepcopy.go:159.41,166.2 6 0
github.com/rancher/sbombastic/api/storage/v1alpha1/zz_generated.deepcopy.go:169.34,170.15 1 0
github.com/rancher/sbombastic/api/storage/v1alpha1/zz_generated.deepcopy.go:170.15,172.3 1 0
github.com/rancher/sbombastic/api/storage/v1alpha1/zz_generated.deepcopy.go:173.2,175.12 3 0
github.com/rancher/sbombastic/api/storage/v1alpha1/zz_generated.deepcopy.go:179.49,180.34 1 0
github.com/rancher/sbombastic/api/storage/v1alpha1/zz_generated.deepcopy.go:180.34,182.3 1 0
github.com/rancher/sbombastic/api/storage/v1alpha1/zz_generated.deepcopy.go:183.2,183.12 1 0
github.com/rancher/sbombastic/api/storage/v1alpha1/zz_generated.deepcopy.go:187.49,191.21 4 0
github.com/rancher/sbombastic/api/storage/v1alpha1/zz_generated.deepcopy.go:191.21,194.22 3 0
github.com/rancher/sbombastic/api/storage/v1alpha1/zz_generated.deepcopy.go:194.22,196.4 1 0
github.com/rancher/sbombastic/api/storage/v1alpha1/zz_generated.deepcopy.go:198.2,198.8 1 0
github.com/rancher/sbombastic/api/storage/v1alpha1/zz_generated.deepcopy.go:202.42,203.15 1 0
github.com/rancher/sbombastic/api/storage/v1alpha1/zz_generated.deepcopy.go:203.15,205.3 1 0
github.com/rancher/sbombastic/api/storage/v1alpha1/zz_generated.deepcopy.go:206.2,208.12 3 0
github.com/rancher/sbombastic/api/storage/v1alpha1/zz_generated.deepcopy.go:212.53,213.34 1 0
github.com/rancher/sbombastic/api/storage/v1alpha1/zz_generated.deepcopy.go:213.34,215.3 1 0
github.com/rancher/sbombastic/api/storage/v1alpha1/zz_generated.deepcopy.go:216.2,216.12 1 0
github.com/rancher/sbombastic/api/storage/v1alpha1/zz_generated.deepcopy.go:220.49,225.2 4 0
github.com/rancher/sbombastic/api/storage/v1alpha1/zz_generated.deepcopy.go:228.42,229.15 1 0
github.com/rancher/sbombastic/api/storage/v1alpha1/zz_generated.deepcopy.go:229.15,231.3 1 0
github.com/rancher/sbombastic/api/storage/v1alpha1/zz_generated.deepcopy.go:232.2,234.12 3 0
github.com/rancher/sbombastic/api/storage/v1alpha1/zz_generated.deepcopy.go:238.53,241.2 2 0
github.com/rancher/sbombastic/api/storage/v1alpha1/zz_generated.deepcopy.go:244.46,245.15 1 0
github.com/rancher/sbombastic/api/storage/v1alpha1/zz_generated.deepcopy.go:245.15,247.3 1 0
github.com/rancher/sbombastic/api/storage/v1alpha1/zz_generated.deepcopy.go:248.2,250.12 3 0
github.com/rancher/sbombastic/api/storage/v1alpha1/zz_generated.deepcopy.go:254.71,261.2 6 0
github.com/rancher/sbombastic/api/storage/v1alpha1/zz_generated.deepcopy.go:264.64,265.15 1 0
github.com/rancher/sbombastic/api/storage/v1alpha1/zz_generated.deepcopy.go:265.15,267.3 1 0
github.com/rancher/sbombastic/api/storage/v1alpha1/zz_generated.deepcopy.go:268.2,270.12 3 0
github.com/rancher/sbombastic/api/storage/v1alpha1/zz_generated.deepcopy.go:274.64,275.34 1 0
github.com/rancher/sbombastic/api/storage/v1alpha1/zz_generated.deepcopy.go:275.34,277.3 1 0
github.com/rancher/sbombastic/api/storage/v1alpha1/zz_generated.deepcopy.go:278.2,278.12 1 0
github.com/rancher/sbombastic/api/storage/v1alpha1/zz_generated.deepcopy.go:282.79,286.21 4 0
github.com/rancher/sbombastic/api/storage/v1alpha1/zz_generated.deepcopy.go:286.21,289.22 3 0
github.com/rancher/sbombastic/api/storage/v1alpha1/zz_generated.deepcopy.go:289.22,291.4 1 0
github.com/rancher/sbombastic/api/storage/v1alpha1/zz_generated.deepcopy.go:293.2,293.8 1 0
github.com/rancher/sbombastic/api/storage/v1alpha1/zz_generated.deepcopy.go:297.72,298.15 1 0
github.com/rancher/sbombastic/api/storage/v1alpha1/zz_generated.deepcopy.go:298.15,300.3 1 0
github.com/rancher/sbombastic/api/storage/v1alpha1/zz_generated.deepcopy.go:301.2,303.12 3 0
github.com/rancher/sbombastic/api/storage/v1alpha1/zz_generated.deepcopy.go:307.68,308.34 1 0
github.com/rancher/sbombastic/api/storage/v1alpha1/zz_generated.deepcopy.go:308.34,310.3 1 0
github.com/rancher/sbombastic/api/storage/v1alpha1/zz_generated.deepcopy.go:311.2,311.12 1 0
github.com/rancher/sbombastic/api/storage/v1alpha1/zz_generated.deepcopy.go:315.79,320.2 4 0
github.com/rancher/sbombastic/api/storage/v1alpha1/zz_generated.deepcopy.go:323.72,324.15 1 0
github.com/rancher/sbombastic/api/storage/v1alpha1/zz_generated.deepcopy.go:324.15,326.3 1 0
github.com/rancher/sbombastic/api/storage/v1alpha1/zz_generated.deepcopy.go:327.2,329.12 3 0
github.com/rancher/sbombastic/api/storage/v1alpha1/zz_generated.deepcopy.go:333.83,336.2 2 0
github.com/rancher/sbombastic/api/storage/v1alpha1/zz_generated.deepcopy.go:339.76,340.15 1 0
github.com/rancher/sbombastic/api/storage/v1alpha1/zz_generated.deepcopy.go:340.15,342.3 1 0
github.com/rancher/sbombastic/api/storage/v1alpha1/zz_generated.deepcopy.go:343.2,345.12 3 0
github.com/rancher/sbombastic/api/storage/install/install.go:27.38,31.2 3 0
github.com/rancher/sbombastic/api/v1alpha1/registry_types.go:88.13,90.2 1 0
github.com/rancher/sbombastic/api/v1alpha1/zz_generated.deepcopy.go:29.49,35.2 5 0
github.com/rancher/sbombastic/api/v1alpha1/zz_generated.deepcopy.go:38.42,39.15 1 0
github.com/rancher/sbombastic/api/v1alpha1/zz_generated.deepcopy.go:39.15,41.3 1 0
github.com/rancher/sbombastic/api/v1alpha1/zz_generated.deepcopy.go:42.2,44.12 3 0
github.com/rancher/sbombastic/api/v1alpha1/zz_generated.deepcopy.go:48.53,49.34 1 0
github.com/rancher/sbombastic/api/v1alpha1/zz_generated.deepcopy.go:49.34,51.3 1 0
github.com/rancher/sbombastic/api/v1alpha1/zz_generated.deepcopy.go:52.2,52.12 1 0
github.com/rancher/sbombastic/api/v1alpha1/zz_generated.deepcopy.go:56.57,60.21 4 0
github.com/rancher/sbombastic/api/v1alpha1/zz_generated.deepcopy.go:60.21,63.22 3 0
github.com/rancher/sbombastic/api/v1alpha1/zz_generated.deepcopy.go:63.22,65.4 1 0
github.com/rancher/sbombastic/api/v1alpha1/zz_generated.deepcopy.go:70.50,71.15 1 0
github.com/rancher/sbombastic/api/v1alpha1/zz_generated.deepcopy.go:71.15,73.3 1 0
github.com/rancher/sbombastic/api/v1alpha1/zz_generated.deepcopy.go:74.2,76.12 3 0
github.com/rancher/sbombastic/api/v1alpha1/zz_generated.deepcopy.go:80.57,81.34 1 0
github.com/rancher/sbombastic/api/v1alpha1/zz_generated.deepcopy.go:81.34,83.3 1 0
github.com/rancher/sbombastic/api/v1alpha1/zz_generated.deepcopy.go:84.2,84.12 1 0
github.com/rancher/sbombastic/api/v1alpha1/zz_generated.deepcopy.go:88.57,90.28 2 0
github.com/rancher/sbombastic/api/v1alpha1/zz_generated.deepcopy.go:90.28,94.3 3 0
github.com/rancher/sbombastic/api/v1alpha1/zz_generated.deepcopy.go:98.50,99.15 1 0
github.com/rancher/sbombastic/api/v1alpha1/zz_generated.deepcopy.go:99.15,101.3 1 0
github.com/rancher/sbombastic/api/v1alpha1/zz_generated.deepcopy.go:102.2,104.12 3 0
github.com/rancher/sbombastic/api/v1alpha1/zz_generated.deepcopy.go:108.61,110.26 2 0
github.com/rancher/sbombastic/api/v1alpha1/zz_generated.deepcopy.go:110.26,113.22 3 0
github.com/rancher/sbombastic/api/v1alpha1/zz_generated.deepcopy.go:113.22,115.4 1 0
github.com/rancher/sbombastic/api/v1alpha1/zz_generated.deepcopy.go:120.54,121.15 1 0
github.com/rancher/sbombastic/api/v1alpha1/zz_generated.deepcopy.go:121.15,123.3 1 0
github.com/rancher/sbombastic/api/v1alpha1/zz_generated.deepcopy.go:124.2,126.12 3 0
